{
  "RSpec": {
    "coverage": {
      "/Users/vaidashi/turing/3module/projects/api_curious/app/helpers/application_helper.rb": [
        1,
        null
      ],
      "/Users/vaidashi/turing/3module/projects/api_curious/app/models/user.rb": [
        1,
        1,
        null,
        null,
        null,
        1,
        0,
        null,
        0,
        0,
        0,
        null,
        0,
        0,
        null,
        null,
        null,
        null,
        null,
        null,
        null,
        null,
        null,
        null,
        null,
        null,
        null,
        null,
        null,
        null,
        null,
        null,
        null
      ],
      "/Users/vaidashi/turing/3module/projects/api_curious/app/models/application_record.rb": [
        1,
        1,
        null
      ],
      "/Users/vaidashi/turing/3module/projects/api_curious/app/controllers/application_controller.rb": [
        1,
        1,
        null,
        1,
        null,
        null,
        1,
        0,
        null,
        null,
        null
      ],
      "/Users/vaidashi/turing/3module/projects/api_curious/app/controllers/dashboard_controller.rb": [
        null,
        1,
        null,
        1,
        null,
        null,
        4,
        null,
        null,
        null,
        null,
        4,
        4,
        4,
        null,
        null,
        null,
        null,
        null,
        null,
        null,
        null,
        4,
        4,
        4,
        2,
        null,
        null,
        4,
        4,
        4,
        12,
        null,
        null,
        4,
        4,
        4,
        4,
        60,
        128,
        null,
        null,
        4,
        4,
        null,
        4,
        4,
        null,
        null,
        null,
        null,
        null,
        null
      ],
      "/Users/vaidashi/turing/3module/projects/api_curious/app/presenters/dashboard_presenter.rb": [
        null,
        1,
        null,
        1,
        null,
        1,
        4,
        null,
        null,
        1,
        4,
        null,
        4,
        null,
        null,
        1,
        4,
        120,
        null,
        null,
        null,
        1,
        4,
        null,
        4,
        null,
        null,
        1,
        4,
        2,
        null,
        null,
        null,
        1,
        4,
        null,
        4,
        null,
        null,
        1,
        4,
        null,
        null,
        null
      ],
      "/Users/vaidashi/turing/3module/projects/api_curious/app/services/github_service.rb": [
        null,
        1,
        null,
        null,
        1,
        12,
        12,
        12,
        null,
        null,
        12,
        null,
        null,
        1,
        4,
        4,
        null,
        null,
        1,
        4,
        4,
        null,
        null,
        1,
        4,
        4,
        null,
        null,
        1,
        null,
        1,
        null,
        null,
        null
      ],
      "/Users/vaidashi/turing/3module/projects/api_curious/app/services/repo.rb": [
        null,
        1,
        null,
        1,
        null,
        1,
        120,
        null,
        null,
        null
      ],
      "/Users/vaidashi/turing/3module/projects/api_curious/app/controllers/sessions_controller.rb": [
        null,
        1,
        null,
        1,
        null,
        0,
        0,
        0,
        0,
        null,
        0,
        null,
        null,
        null,
        1,
        1,
        1,
        null,
        null,
        null
      ],
      "/Users/vaidashi/turing/3module/projects/api_curious/app/controllers/home_controller.rb": [
        null,
        1,
        null,
        1,
        null,
        null,
        null,
        null
      ],
      "/Users/vaidashi/turing/3module/projects/api_curious/app/services/organization.rb": [
        null,
        1,
        null,
        1,
        null,
        1,
        2,
        null,
        null,
        null
      ],
      "/Users/vaidashi/turing/3module/projects/api_curious/app/channels/application_cable/channel.rb": [
        0,
        0,
        0,
        0
      ],
      "/Users/vaidashi/turing/3module/projects/api_curious/app/channels/application_cable/connection.rb": [
        0,
        0,
        0,
        0
      ],
      "/Users/vaidashi/turing/3module/projects/api_curious/app/jobs/application_job.rb": [
        0,
        0
      ],
      "/Users/vaidashi/turing/3module/projects/api_curious/app/mailers/application_mailer.rb": [
        0,
        0,
        0,
        0
      ]
    },
    "timestamp": 1508004328
  }
}
